Determining if the pthread_create exist failed with the following output:
Change Dir: /home/jlurobot/Desktop/Camera calibration/View_Cloud/lidar2camera/View_Cloud/build/CMakeFiles/CMakeTmp

Run Build Command:"/usr/bin/make" "cmTC_382da/fast"
/usr/bin/make -f CMakeFiles/cmTC_382da.dir/build.make CMakeFiles/cmTC_382da.dir/build
make[1]: Entering directory '/home/jlurobot/Desktop/Camera calibration/View_Cloud/lidar2camera/View_Cloud/build/CMakeFiles/CMakeTmp'
Building C object CMakeFiles/cmTC_382da.dir/CheckSymbolExists.c.o
/usr/bin/cc    -o CMakeFiles/cmTC_382da.dir/CheckSymbolExists.c.o   -c "/home/jlurobot/Desktop/Camera calibration/View_Cloud/lidar2camera/View_Cloud/build/CMakeFiles/CMakeTmp/CheckSymbolExists.c"
Linking C executable cmTC_382da
/usr/bin/cmake -E cmake_link_script CMakeFiles/cmTC_382da.dir/link.txt --verbose=1
/usr/bin/cc      -rdynamic CMakeFiles/cmTC_382da.dir/CheckSymbolExists.c.o  -o cmTC_382da 
CMakeFiles/cmTC_382da.dir/CheckSymbolExists.c.o: In function `main':
CheckSymbolExists.c:(.text+0x1b): undefined reference to `pthread_create'
collect2: error: ld returned 1 exit status
CMakeFiles/cmTC_382da.dir/build.make:97: recipe for target 'cmTC_382da' failed
make[1]: *** [cmTC_382da] Error 1
make[1]: Leaving directory '/home/jlurobot/Desktop/Camera calibration/View_Cloud/lidar2camera/View_Cloud/build/CMakeFiles/CMakeTmp'
Makefile:126: recipe for target 'cmTC_382da/fast' failed
make: *** [cmTC_382da/fast] Error 2

File /home/jlurobot/Desktop/Camera calibration/View_Cloud/lidar2camera/View_Cloud/build/CMakeFiles/CMakeTmp/CheckSymbolExists.c:
/* */
#include <pthread.h>

int main(int argc, char** argv)
{
  (void)argv;
#ifndef pthread_create
  return ((int*)(&pthread_create))[argc];
#else
  (void)argc;
  return 0;
#endif
}

Determining if the function pthread_create exists in the pthreads failed with the following output:
Change Dir: /home/jlurobot/Desktop/Camera calibration/View_Cloud/lidar2camera/View_Cloud/build/CMakeFiles/CMakeTmp

Run Build Command:"/usr/bin/make" "cmTC_9ed2c/fast"
/usr/bin/make -f CMakeFiles/cmTC_9ed2c.dir/build.make CMakeFiles/cmTC_9ed2c.dir/build
make[1]: Entering directory '/home/jlurobot/Desktop/Camera calibration/View_Cloud/lidar2camera/View_Cloud/build/CMakeFiles/CMakeTmp'
Building C object CMakeFiles/cmTC_9ed2c.dir/CheckFunctionExists.c.o
/usr/bin/cc   -DCHECK_FUNCTION_EXISTS=pthread_create   -o CMakeFiles/cmTC_9ed2c.dir/CheckFunctionExists.c.o   -c /usr/share/cmake-3.10/Modules/CheckFunctionExists.c
Linking C executable cmTC_9ed2c
/usr/bin/cmake -E cmake_link_script CMakeFiles/cmTC_9ed2c.dir/link.txt --verbose=1
/usr/bin/cc  -DCHECK_FUNCTION_EXISTS=pthread_create    -rdynamic CMakeFiles/cmTC_9ed2c.dir/CheckFunctionExists.c.o  -o cmTC_9ed2c -lpthreads 
/usr/bin/ld: cannot find -lpthreads
collect2: error: ld returned 1 exit status
CMakeFiles/cmTC_9ed2c.dir/build.make:97: recipe for target 'cmTC_9ed2c' failed
make[1]: *** [cmTC_9ed2c] Error 1
make[1]: Leaving directory '/home/jlurobot/Desktop/Camera calibration/View_Cloud/lidar2camera/View_Cloud/build/CMakeFiles/CMakeTmp'
Makefile:126: recipe for target 'cmTC_9ed2c/fast' failed
make: *** [cmTC_9ed2c/fast] Error 2


Determining if the pthread_create exist failed with the following output:
Change Dir: /home/jlurobot/Desktop/Camera calibration/View_Cloud/lidar2camera/View_Cloud/build/CMakeFiles/CMakeTmp

Run Build Command:"/usr/bin/make" "cmTC_6ab75/fast"
/usr/bin/make -f CMakeFiles/cmTC_6ab75.dir/build.make CMakeFiles/cmTC_6ab75.dir/build
make[1]: Entering directory '/home/jlurobot/Desktop/Camera calibration/View_Cloud/lidar2camera/View_Cloud/build/CMakeFiles/CMakeTmp'
Building C object CMakeFiles/cmTC_6ab75.dir/CheckSymbolExists.c.o
/usr/bin/cc    -o CMakeFiles/cmTC_6ab75.dir/CheckSymbolExists.c.o   -c "/home/jlurobot/Desktop/Camera calibration/View_Cloud/lidar2camera/View_Cloud/build/CMakeFiles/CMakeTmp/CheckSymbolExists.c"
Linking C executable cmTC_6ab75
/usr/bin/cmake -E cmake_link_script CMakeFiles/cmTC_6ab75.dir/link.txt --verbose=1
/usr/bin/cc      -rdynamic CMakeFiles/cmTC_6ab75.dir/CheckSymbolExists.c.o  -o cmTC_6ab75 
CMakeFiles/cmTC_6ab75.dir/CheckSymbolExists.c.o: In function `main':
CheckSymbolExists.c:(.text+0x1b): undefined reference to `pthread_create'
collect2: error: ld returned 1 exit status
CMakeFiles/cmTC_6ab75.dir/build.make:97: recipe for target 'cmTC_6ab75' failed
make[1]: *** [cmTC_6ab75] Error 1
make[1]: Leaving directory '/home/jlurobot/Desktop/Camera calibration/View_Cloud/lidar2camera/View_Cloud/build/CMakeFiles/CMakeTmp'
Makefile:126: recipe for target 'cmTC_6ab75/fast' failed
make: *** [cmTC_6ab75/fast] Error 2

File /home/jlurobot/Desktop/Camera calibration/View_Cloud/lidar2camera/View_Cloud/build/CMakeFiles/CMakeTmp/CheckSymbolExists.c:
/* */
#include <pthread.h>

int main(int argc, char** argv)
{
  (void)argv;
#ifndef pthread_create
  return ((int*)(&pthread_create))[argc];
#else
  (void)argc;
  return 0;
#endif
}

Determining if the function pthread_create exists in the pthreads failed with the following output:
Change Dir: /home/jlurobot/Desktop/Camera calibration/View_Cloud/lidar2camera/View_Cloud/build/CMakeFiles/CMakeTmp

Run Build Command:"/usr/bin/make" "cmTC_0dec3/fast"
/usr/bin/make -f CMakeFiles/cmTC_0dec3.dir/build.make CMakeFiles/cmTC_0dec3.dir/build
make[1]: Entering directory '/home/jlurobot/Desktop/Camera calibration/View_Cloud/lidar2camera/View_Cloud/build/CMakeFiles/CMakeTmp'
Building C object CMakeFiles/cmTC_0dec3.dir/CheckFunctionExists.c.o
/usr/bin/cc   -DCHECK_FUNCTION_EXISTS=pthread_create   -o CMakeFiles/cmTC_0dec3.dir/CheckFunctionExists.c.o   -c /usr/share/cmake-3.10/Modules/CheckFunctionExists.c
Linking C executable cmTC_0dec3
/usr/bin/cmake -E cmake_link_script CMakeFiles/cmTC_0dec3.dir/link.txt --verbose=1
/usr/bin/cc  -DCHECK_FUNCTION_EXISTS=pthread_create    -rdynamic CMakeFiles/cmTC_0dec3.dir/CheckFunctionExists.c.o  -o cmTC_0dec3 -lpthreads 
/usr/bin/ld: cannot find -lpthreads
collect2: error: ld returned 1 exit status
CMakeFiles/cmTC_0dec3.dir/build.make:97: recipe for target 'cmTC_0dec3' failed
make[1]: *** [cmTC_0dec3] Error 1
make[1]: Leaving directory '/home/jlurobot/Desktop/Camera calibration/View_Cloud/lidar2camera/View_Cloud/build/CMakeFiles/CMakeTmp'
Makefile:126: recipe for target 'cmTC_0dec3/fast' failed
make: *** [cmTC_0dec3/fast] Error 2


Determining if the pthread_create exist failed with the following output:
Change Dir: /home/jlurobot/Desktop/Camera calibration/View_Cloud/lidar2camera/View_Cloud/build/CMakeFiles/CMakeTmp

Run Build Command:"/usr/bin/make" "cmTC_ac6d1/fast"
/usr/bin/make -f CMakeFiles/cmTC_ac6d1.dir/build.make CMakeFiles/cmTC_ac6d1.dir/build
make[1]: Entering directory '/home/jlurobot/Desktop/Camera calibration/View_Cloud/lidar2camera/View_Cloud/build/CMakeFiles/CMakeTmp'
Building C object CMakeFiles/cmTC_ac6d1.dir/CheckSymbolExists.c.o
/usr/bin/cc    -o CMakeFiles/cmTC_ac6d1.dir/CheckSymbolExists.c.o   -c "/home/jlurobot/Desktop/Camera calibration/View_Cloud/lidar2camera/View_Cloud/build/CMakeFiles/CMakeTmp/CheckSymbolExists.c"
Linking C executable cmTC_ac6d1
/usr/bin/cmake -E cmake_link_script CMakeFiles/cmTC_ac6d1.dir/link.txt --verbose=1
/usr/bin/cc      -rdynamic CMakeFiles/cmTC_ac6d1.dir/CheckSymbolExists.c.o  -o cmTC_ac6d1 
CMakeFiles/cmTC_ac6d1.dir/CheckSymbolExists.c.o: In function `main':
CheckSymbolExists.c:(.text+0x1b): undefined reference to `pthread_create'
collect2: error: ld returned 1 exit status
CMakeFiles/cmTC_ac6d1.dir/build.make:97: recipe for target 'cmTC_ac6d1' failed
make[1]: *** [cmTC_ac6d1] Error 1
make[1]: Leaving directory '/home/jlurobot/Desktop/Camera calibration/View_Cloud/lidar2camera/View_Cloud/build/CMakeFiles/CMakeTmp'
Makefile:126: recipe for target 'cmTC_ac6d1/fast' failed
make: *** [cmTC_ac6d1/fast] Error 2

File /home/jlurobot/Desktop/Camera calibration/View_Cloud/lidar2camera/View_Cloud/build/CMakeFiles/CMakeTmp/CheckSymbolExists.c:
/* */
#include <pthread.h>

int main(int argc, char** argv)
{
  (void)argv;
#ifndef pthread_create
  return ((int*)(&pthread_create))[argc];
#else
  (void)argc;
  return 0;
#endif
}

Determining if the function pthread_create exists in the pthreads failed with the following output:
Change Dir: /home/jlurobot/Desktop/Camera calibration/View_Cloud/lidar2camera/View_Cloud/build/CMakeFiles/CMakeTmp

Run Build Command:"/usr/bin/make" "cmTC_b4567/fast"
/usr/bin/make -f CMakeFiles/cmTC_b4567.dir/build.make CMakeFiles/cmTC_b4567.dir/build
make[1]: Entering directory '/home/jlurobot/Desktop/Camera calibration/View_Cloud/lidar2camera/View_Cloud/build/CMakeFiles/CMakeTmp'
Building C object CMakeFiles/cmTC_b4567.dir/CheckFunctionExists.c.o
/usr/bin/cc   -DCHECK_FUNCTION_EXISTS=pthread_create   -o CMakeFiles/cmTC_b4567.dir/CheckFunctionExists.c.o   -c /usr/share/cmake-3.10/Modules/CheckFunctionExists.c
Linking C executable cmTC_b4567
/usr/bin/cmake -E cmake_link_script CMakeFiles/cmTC_b4567.dir/link.txt --verbose=1
/usr/bin/cc  -DCHECK_FUNCTION_EXISTS=pthread_create    -rdynamic CMakeFiles/cmTC_b4567.dir/CheckFunctionExists.c.o  -o cmTC_b4567 -lpthreads 
/usr/bin/ld: cannot find -lpthreads
collect2: error: ld returned 1 exit status
CMakeFiles/cmTC_b4567.dir/build.make:97: recipe for target 'cmTC_b4567' failed
make[1]: *** [cmTC_b4567] Error 1
make[1]: Leaving directory '/home/jlurobot/Desktop/Camera calibration/View_Cloud/lidar2camera/View_Cloud/build/CMakeFiles/CMakeTmp'
Makefile:126: recipe for target 'cmTC_b4567/fast' failed
make: *** [cmTC_b4567/fast] Error 2


Determining if the pthread_create exist failed with the following output:
Change Dir: /home/jlurobot/Desktop/Camera calibration/View_Cloud/lidar2camera/View_Cloud/build/CMakeFiles/CMakeTmp

Run Build Command:"/usr/bin/make" "cmTC_a7704/fast"
/usr/bin/make -f CMakeFiles/cmTC_a7704.dir/build.make CMakeFiles/cmTC_a7704.dir/build
make[1]: Entering directory '/home/jlurobot/Desktop/Camera calibration/View_Cloud/lidar2camera/View_Cloud/build/CMakeFiles/CMakeTmp'
Building C object CMakeFiles/cmTC_a7704.dir/CheckSymbolExists.c.o
/usr/bin/cc    -o CMakeFiles/cmTC_a7704.dir/CheckSymbolExists.c.o   -c "/home/jlurobot/Desktop/Camera calibration/View_Cloud/lidar2camera/View_Cloud/build/CMakeFiles/CMakeTmp/CheckSymbolExists.c"
Linking C executable cmTC_a7704
/usr/bin/cmake -E cmake_link_script CMakeFiles/cmTC_a7704.dir/link.txt --verbose=1
/usr/bin/cc      -rdynamic CMakeFiles/cmTC_a7704.dir/CheckSymbolExists.c.o  -o cmTC_a7704 
CMakeFiles/cmTC_a7704.dir/CheckSymbolExists.c.o: In function `main':
CheckSymbolExists.c:(.text+0x1b): undefined reference to `pthread_create'
collect2: error: ld returned 1 exit status
CMakeFiles/cmTC_a7704.dir/build.make:97: recipe for target 'cmTC_a7704' failed
make[1]: *** [cmTC_a7704] Error 1
make[1]: Leaving directory '/home/jlurobot/Desktop/Camera calibration/View_Cloud/lidar2camera/View_Cloud/build/CMakeFiles/CMakeTmp'
Makefile:126: recipe for target 'cmTC_a7704/fast' failed
make: *** [cmTC_a7704/fast] Error 2

File /home/jlurobot/Desktop/Camera calibration/View_Cloud/lidar2camera/View_Cloud/build/CMakeFiles/CMakeTmp/CheckSymbolExists.c:
/* */
#include <pthread.h>

int main(int argc, char** argv)
{
  (void)argv;
#ifndef pthread_create
  return ((int*)(&pthread_create))[argc];
#else
  (void)argc;
  return 0;
#endif
}

Determining if the function pthread_create exists in the pthreads failed with the following output:
Change Dir: /home/jlurobot/Desktop/Camera calibration/View_Cloud/lidar2camera/View_Cloud/build/CMakeFiles/CMakeTmp

Run Build Command:"/usr/bin/make" "cmTC_9d6d4/fast"
/usr/bin/make -f CMakeFiles/cmTC_9d6d4.dir/build.make CMakeFiles/cmTC_9d6d4.dir/build
make[1]: Entering directory '/home/jlurobot/Desktop/Camera calibration/View_Cloud/lidar2camera/View_Cloud/build/CMakeFiles/CMakeTmp'
Building C object CMakeFiles/cmTC_9d6d4.dir/CheckFunctionExists.c.o
/usr/bin/cc   -DCHECK_FUNCTION_EXISTS=pthread_create   -o CMakeFiles/cmTC_9d6d4.dir/CheckFunctionExists.c.o   -c /usr/share/cmake-3.10/Modules/CheckFunctionExists.c
Linking C executable cmTC_9d6d4
/usr/bin/cmake -E cmake_link_script CMakeFiles/cmTC_9d6d4.dir/link.txt --verbose=1
/usr/bin/cc  -DCHECK_FUNCTION_EXISTS=pthread_create    -rdynamic CMakeFiles/cmTC_9d6d4.dir/CheckFunctionExists.c.o  -o cmTC_9d6d4 -lpthreads 
/usr/bin/ld: cannot find -lpthreads
collect2: error: ld returned 1 exit status
CMakeFiles/cmTC_9d6d4.dir/build.make:97: recipe for target 'cmTC_9d6d4' failed
make[1]: *** [cmTC_9d6d4] Error 1
make[1]: Leaving directory '/home/jlurobot/Desktop/Camera calibration/View_Cloud/lidar2camera/View_Cloud/build/CMakeFiles/CMakeTmp'
Makefile:126: recipe for target 'cmTC_9d6d4/fast' failed
make: *** [cmTC_9d6d4/fast] Error 2


