Determining if the pthread_create exist failed with the following output:
Change Dir: /home/jlurobot/Desktop/Evaluate_Code/lidar2lidar/Method/NDT_Space/build/CMakeFiles/CMakeTmp

Run Build Command:"/usr/bin/make" "cmTC_6c86a/fast"
/usr/bin/make -f CMakeFiles/cmTC_6c86a.dir/build.make CMakeFiles/cmTC_6c86a.dir/build
make[1]: Entering directory '/home/jlurobot/Desktop/Evaluate_Code/lidar2lidar/Method/NDT_Space/build/CMakeFiles/CMakeTmp'
Building C object CMakeFiles/cmTC_6c86a.dir/CheckSymbolExists.c.o
/usr/bin/cc    -o CMakeFiles/cmTC_6c86a.dir/CheckSymbolExists.c.o   -c /home/jlurobot/Desktop/Evaluate_Code/lidar2lidar/Method/NDT_Space/build/CMakeFiles/CMakeTmp/CheckSymbolExists.c
Linking C executable cmTC_6c86a
/usr/bin/cmake -E cmake_link_script CMakeFiles/cmTC_6c86a.dir/link.txt --verbose=1
/usr/bin/cc      -rdynamic CMakeFiles/cmTC_6c86a.dir/CheckSymbolExists.c.o  -o cmTC_6c86a 
CMakeFiles/cmTC_6c86a.dir/CheckSymbolExists.c.o: In function `main':
CheckSymbolExists.c:(.text+0x1b): undefined reference to `pthread_create'
collect2: error: ld returned 1 exit status
CMakeFiles/cmTC_6c86a.dir/build.make:97: recipe for target 'cmTC_6c86a' failed
make[1]: *** [cmTC_6c86a] Error 1
make[1]: Leaving directory '/home/jlurobot/Desktop/Evaluate_Code/lidar2lidar/Method/NDT_Space/build/CMakeFiles/CMakeTmp'
Makefile:126: recipe for target 'cmTC_6c86a/fast' failed
make: *** [cmTC_6c86a/fast] Error 2

File /home/jlurobot/Desktop/Evaluate_Code/lidar2lidar/Method/NDT_Space/build/CMakeFiles/CMakeTmp/CheckSymbolExists.c:
/* */
#include <pthread.h>

int main(int argc, char** argv)
{
  (void)argv;
#ifndef pthread_create
  return ((int*)(&pthread_create))[argc];
#else
  (void)argc;
  return 0;
#endif
}

Determining if the function pthread_create exists in the pthreads failed with the following output:
Change Dir: /home/jlurobot/Desktop/Evaluate_Code/lidar2lidar/Method/NDT_Space/build/CMakeFiles/CMakeTmp

Run Build Command:"/usr/bin/make" "cmTC_bb1b8/fast"
/usr/bin/make -f CMakeFiles/cmTC_bb1b8.dir/build.make CMakeFiles/cmTC_bb1b8.dir/build
make[1]: Entering directory '/home/jlurobot/Desktop/Evaluate_Code/lidar2lidar/Method/NDT_Space/build/CMakeFiles/CMakeTmp'
Building C object CMakeFiles/cmTC_bb1b8.dir/CheckFunctionExists.c.o
/usr/bin/cc   -DCHECK_FUNCTION_EXISTS=pthread_create   -o CMakeFiles/cmTC_bb1b8.dir/CheckFunctionExists.c.o   -c /usr/share/cmake-3.10/Modules/CheckFunctionExists.c
Linking C executable cmTC_bb1b8
/usr/bin/cmake -E cmake_link_script CMakeFiles/cmTC_bb1b8.dir/link.txt --verbose=1
/usr/bin/cc  -DCHECK_FUNCTION_EXISTS=pthread_create    -rdynamic CMakeFiles/cmTC_bb1b8.dir/CheckFunctionExists.c.o  -o cmTC_bb1b8 -lpthreads 
/usr/bin/ld: cannot find -lpthreads
collect2: error: ld returned 1 exit status
CMakeFiles/cmTC_bb1b8.dir/build.make:97: recipe for target 'cmTC_bb1b8' failed
make[1]: *** [cmTC_bb1b8] Error 1
make[1]: Leaving directory '/home/jlurobot/Desktop/Evaluate_Code/lidar2lidar/Method/NDT_Space/build/CMakeFiles/CMakeTmp'
Makefile:126: recipe for target 'cmTC_bb1b8/fast' failed
make: *** [cmTC_bb1b8/fast] Error 2


Determining if the pthread_create exist failed with the following output:
Change Dir: /home/jlurobot/Desktop/Evaluate_Code/lidar2lidar/Method/NDT_Space/build/CMakeFiles/CMakeTmp

Run Build Command:"/usr/bin/make" "cmTC_63ad1/fast"
make[1]: Entering directory '/home/jlurobot/Desktop/Evaluate_Code/lidar2lidar/Method/NDT_Space/build/CMakeFiles/CMakeTmp'
/usr/bin/make -f CMakeFiles/cmTC_63ad1.dir/build.make CMakeFiles/cmTC_63ad1.dir/build
make[2]: Entering directory '/home/jlurobot/Desktop/Evaluate_Code/lidar2lidar/Method/NDT_Space/build/CMakeFiles/CMakeTmp'
Building C object CMakeFiles/cmTC_63ad1.dir/CheckSymbolExists.c.o
/usr/bin/cc    -o CMakeFiles/cmTC_63ad1.dir/CheckSymbolExists.c.o   -c /home/jlurobot/Desktop/Evaluate_Code/lidar2lidar/Method/NDT_Space/build/CMakeFiles/CMakeTmp/CheckSymbolExists.c
Linking C executable cmTC_63ad1
/usr/bin/cmake -E cmake_link_script CMakeFiles/cmTC_63ad1.dir/link.txt --verbose=1
/usr/bin/cc      -rdynamic CMakeFiles/cmTC_63ad1.dir/CheckSymbolExists.c.o  -o cmTC_63ad1 
CMakeFiles/cmTC_63ad1.dir/CheckSymbolExists.c.o: In function `main':
CheckSymbolExists.c:(.text+0x1b): undefined reference to `pthread_create'
collect2: error: ld returned 1 exit status
CMakeFiles/cmTC_63ad1.dir/build.make:97: recipe for target 'cmTC_63ad1' failed
make[2]: *** [cmTC_63ad1] Error 1
make[2]: Leaving directory '/home/jlurobot/Desktop/Evaluate_Code/lidar2lidar/Method/NDT_Space/build/CMakeFiles/CMakeTmp'
Makefile:126: recipe for target 'cmTC_63ad1/fast' failed
make[1]: *** [cmTC_63ad1/fast] Error 2
make[1]: Leaving directory '/home/jlurobot/Desktop/Evaluate_Code/lidar2lidar/Method/NDT_Space/build/CMakeFiles/CMakeTmp'

File /home/jlurobot/Desktop/Evaluate_Code/lidar2lidar/Method/NDT_Space/build/CMakeFiles/CMakeTmp/CheckSymbolExists.c:
/* */
#include <pthread.h>

int main(int argc, char** argv)
{
  (void)argv;
#ifndef pthread_create
  return ((int*)(&pthread_create))[argc];
#else
  (void)argc;
  return 0;
#endif
}

Determining if the function pthread_create exists in the pthreads failed with the following output:
Change Dir: /home/jlurobot/Desktop/Evaluate_Code/lidar2lidar/Method/NDT_Space/build/CMakeFiles/CMakeTmp

Run Build Command:"/usr/bin/make" "cmTC_8d447/fast"
make[1]: Entering directory '/home/jlurobot/Desktop/Evaluate_Code/lidar2lidar/Method/NDT_Space/build/CMakeFiles/CMakeTmp'
/usr/bin/make -f CMakeFiles/cmTC_8d447.dir/build.make CMakeFiles/cmTC_8d447.dir/build
make[2]: Entering directory '/home/jlurobot/Desktop/Evaluate_Code/lidar2lidar/Method/NDT_Space/build/CMakeFiles/CMakeTmp'
Building C object CMakeFiles/cmTC_8d447.dir/CheckFunctionExists.c.o
/usr/bin/cc   -DCHECK_FUNCTION_EXISTS=pthread_create   -o CMakeFiles/cmTC_8d447.dir/CheckFunctionExists.c.o   -c /usr/share/cmake-3.10/Modules/CheckFunctionExists.c
Linking C executable cmTC_8d447
/usr/bin/cmake -E cmake_link_script CMakeFiles/cmTC_8d447.dir/link.txt --verbose=1
/usr/bin/cc  -DCHECK_FUNCTION_EXISTS=pthread_create    -rdynamic CMakeFiles/cmTC_8d447.dir/CheckFunctionExists.c.o  -o cmTC_8d447 -lpthreads 
/usr/bin/ld: cannot find -lpthreads
collect2: error: ld returned 1 exit status
CMakeFiles/cmTC_8d447.dir/build.make:97: recipe for target 'cmTC_8d447' failed
make[2]: *** [cmTC_8d447] Error 1
make[2]: Leaving directory '/home/jlurobot/Desktop/Evaluate_Code/lidar2lidar/Method/NDT_Space/build/CMakeFiles/CMakeTmp'
Makefile:126: recipe for target 'cmTC_8d447/fast' failed
make[1]: *** [cmTC_8d447/fast] Error 2
make[1]: Leaving directory '/home/jlurobot/Desktop/Evaluate_Code/lidar2lidar/Method/NDT_Space/build/CMakeFiles/CMakeTmp'


