Determining if the pthread_create exist failed with the following output:
Change Dir: /home/jlurobot/Desktop/Evaluate_Code/lidar2lidar/show_cloud/build/CMakeFiles/CMakeTmp

Run Build Command:"/usr/bin/make" "cmTC_f171e/fast"
/usr/bin/make -f CMakeFiles/cmTC_f171e.dir/build.make CMakeFiles/cmTC_f171e.dir/build
make[1]: Entering directory '/home/jlurobot/Desktop/Evaluate_Code/lidar2lidar/show_cloud/build/CMakeFiles/CMakeTmp'
Building C object CMakeFiles/cmTC_f171e.dir/CheckSymbolExists.c.o
/usr/bin/cc    -o CMakeFiles/cmTC_f171e.dir/CheckSymbolExists.c.o   -c /home/jlurobot/Desktop/Evaluate_Code/lidar2lidar/show_cloud/build/CMakeFiles/CMakeTmp/CheckSymbolExists.c
Linking C executable cmTC_f171e
/usr/bin/cmake -E cmake_link_script CMakeFiles/cmTC_f171e.dir/link.txt --verbose=1
/usr/bin/cc      -rdynamic CMakeFiles/cmTC_f171e.dir/CheckSymbolExists.c.o  -o cmTC_f171e 
CMakeFiles/cmTC_f171e.dir/CheckSymbolExists.c.o: In function `main':
CheckSymbolExists.c:(.text+0x1b): undefined reference to `pthread_create'
collect2: error: ld returned 1 exit status
CMakeFiles/cmTC_f171e.dir/build.make:97: recipe for target 'cmTC_f171e' failed
make[1]: *** [cmTC_f171e] Error 1
make[1]: Leaving directory '/home/jlurobot/Desktop/Evaluate_Code/lidar2lidar/show_cloud/build/CMakeFiles/CMakeTmp'
Makefile:126: recipe for target 'cmTC_f171e/fast' failed
make: *** [cmTC_f171e/fast] Error 2

File /home/jlurobot/Desktop/Evaluate_Code/lidar2lidar/show_cloud/build/CMakeFiles/CMakeTmp/CheckSymbolExists.c:
/* */
#include <pthread.h>

int main(int argc, char** argv)
{
  (void)argv;
#ifndef pthread_create
  return ((int*)(&pthread_create))[argc];
#else
  (void)argc;
  return 0;
#endif
}

Determining if the function pthread_create exists in the pthreads failed with the following output:
Change Dir: /home/jlurobot/Desktop/Evaluate_Code/lidar2lidar/show_cloud/build/CMakeFiles/CMakeTmp

Run Build Command:"/usr/bin/make" "cmTC_7e0d0/fast"
/usr/bin/make -f CMakeFiles/cmTC_7e0d0.dir/build.make CMakeFiles/cmTC_7e0d0.dir/build
make[1]: Entering directory '/home/jlurobot/Desktop/Evaluate_Code/lidar2lidar/show_cloud/build/CMakeFiles/CMakeTmp'
Building C object CMakeFiles/cmTC_7e0d0.dir/CheckFunctionExists.c.o
/usr/bin/cc   -DCHECK_FUNCTION_EXISTS=pthread_create   -o CMakeFiles/cmTC_7e0d0.dir/CheckFunctionExists.c.o   -c /usr/share/cmake-3.10/Modules/CheckFunctionExists.c
Linking C executable cmTC_7e0d0
/usr/bin/cmake -E cmake_link_script CMakeFiles/cmTC_7e0d0.dir/link.txt --verbose=1
/usr/bin/cc  -DCHECK_FUNCTION_EXISTS=pthread_create    -rdynamic CMakeFiles/cmTC_7e0d0.dir/CheckFunctionExists.c.o  -o cmTC_7e0d0 -lpthreads 
/usr/bin/ld: cannot find -lpthreads
collect2: error: ld returned 1 exit status
CMakeFiles/cmTC_7e0d0.dir/build.make:97: recipe for target 'cmTC_7e0d0' failed
make[1]: *** [cmTC_7e0d0] Error 1
make[1]: Leaving directory '/home/jlurobot/Desktop/Evaluate_Code/lidar2lidar/show_cloud/build/CMakeFiles/CMakeTmp'
Makefile:126: recipe for target 'cmTC_7e0d0/fast' failed
make: *** [cmTC_7e0d0/fast] Error 2


